<?xml version="1.0" encoding="utf-8"?><testsuites name="pytest tests"><testsuite name="pytest" errors="0" failures="0" skipped="1" tests="10" time="3.775" timestamp="2025-11-15T15:46:25.465786+00:00" hostname="codespaces-384661"><testcase classname="test_alerts_and_security" name="test_alerts_list" time="0.241" /><testcase classname="test_alerts_and_security" name="test_data_encryption_in_db" time="0.061" /><testcase classname="test_auth" name="test_successful_login" time="0.138" /><testcase classname="test_auth" name="test_invalid_login" time="0.140" /><testcase classname="test_dash_and_export" name="test_instructor_kpis" time="0.251" /><testcase classname="test_dash_and_export" name="test_admin_aggregation_and_export" time="0.702" /><testcase classname="test_email_alert" name="test_email_alert_sent_and_received" time="0.021"><skipped type="pytest.skip" message="MailHog not available; skipping email alert test">/workspaces/Academic-Performance-Analytics-System-/tests_new/test_email_alert.py:49: MailHog not available; skipping email alert test</skipped></testcase><testcase classname="test_ingest_and_csv" name="test_csv_bulk_upload" time="0.614" /><testcase classname="test_rbac" name="test_student_cannot_access_admin" time="0.193" /><testcase classname="test_rbac" name="test_instructor_cannot_access_admin" time="0.188" /></testsuite></testsuites>